Started GET "/editor/index" for 127.0.0.1 at 2019-01-11 09:39:40 +0900
Processing by EditorController#index as HTML
  Rendering editor/index.html.erb within layouts/application
  Rendered editor/index.html.erb within layouts/application (5.9ms)
Completed 500 Internal Server Error in 59ms (ActiveRecord: 0.0ms)


  
SyntaxError (/Users/rei/Documents/fujiwara/lecture-0111/sample-md-editor/app/views/editor/index.html.erb:17: syntax error, unexpected end-of-input, expecting keyword_end
          end
             ^):
  
app/views/editor/index.html.erb:17: syntax error, unexpected end-of-input, expecting keyword_end
Started GET "/editor/index" for 127.0.0.1 at 2019-01-11 09:41:07 +0900
Processing by EditorController#index as HTML
  Rendering editor/index.html.erb within layouts/application
  Rendered editor/index.html.erb within layouts/application (1.0ms)
Completed 500 Internal Server Error in 16ms (ActiveRecord: 0.0ms)


  
SyntaxError (/Users/rei/Documents/fujiwara/lecture-0111/sample-md-editor/app/views/editor/index.html.erb:17: syntax error, unexpected end-of-input, expecting keyword_end
          end
             ^):
  
app/views/editor/index.html.erb:17: syntax error, unexpected end-of-input, expecting keyword_end
Started GET "/editor/index" for 127.0.0.1 at 2019-01-11 09:41:09 +0900
Processing by EditorController#index as HTML
  Rendering editor/index.html.erb within layouts/application
  Rendered editor/index.html.erb within layouts/application (0.7ms)
Completed 500 Internal Server Error in 13ms (ActiveRecord: 0.0ms)


  
SyntaxError (/Users/rei/Documents/fujiwara/lecture-0111/sample-md-editor/app/views/editor/index.html.erb:17: syntax error, unexpected end-of-input, expecting keyword_end
          end
             ^):
  
app/views/editor/index.html.erb:17: syntax error, unexpected end-of-input, expecting keyword_end
Started GET "/editor/index" for 127.0.0.1 at 2019-01-11 09:42:56 +0900
Processing by EditorController#index as HTML
  Rendering editor/index.html.erb within layouts/application
  Rendered editor/index.html.erb within layouts/application (8.1ms)
Completed 200 OK in 1049ms (Views: 1038.0ms | ActiveRecord: 0.0ms)


Started GET "/editor/index?utf8=%E2%9C%93&commit=%E5%A4%89%E6%8F%9B&text=%E3%81%82%E3%81%82%E3%81%82%E3%81%82%E3%81%82%0D%0A" for 127.0.0.1 at 2019-01-11 09:43:04 +0900
Processing by EditorController#index as HTML
  Parameters: {"utf8"=>"✓", "commit"=>"変換", "text"=>"あああああ\r\n"}
  Rendering editor/index.html.erb within layouts/application
  Rendered editor/index.html.erb within layouts/application (1.1ms)
Completed 200 OK in 206ms (Views: 47.3ms | ActiveRecord: 0.0ms)


Started GET "/editor/index" for 127.0.0.1 at 2019-01-18 10:51:08 +0900
Processing by EditorController#index as HTML
  Rendering editor/index.html.erb within layouts/application
  Rendered editor/index.html.erb within layouts/application (1.7ms)
Completed 200 OK in 319ms (Views: 304.5ms | ActiveRecord: 0.0ms)


Started GET "/editor/index" for 127.0.0.1 at 2019-01-18 11:29:42 +0900
Processing by EditorController#index as HTML
  Rendering editor/index.html.erb within layouts/application
  Rendered editor/index.html.erb within layouts/application (1.9ms)
Completed 200 OK in 287ms (Views: 275.4ms | ActiveRecord: 0.0ms)


Started GET "/editor/index?utf8=%E2%9C%93&commit=%E5%A4%89%E6%8F%9B&text=aaaa" for 127.0.0.1 at 2019-01-18 11:29:49 +0900
Processing by EditorController#index as HTML
  Parameters: {"utf8"=>"✓", "commit"=>"変換", "text"=>"aaaa"}
Completed 500 Internal Server Error in 66ms (ActiveRecord: 0.0ms)


  
NoMethodError (undefined method `upcase' for #<Kramdown::Document:0x00007fe1402afe30>):
  
app/controllers/editor_controller.rb:8:in `index'
Started GET "/editor/index" for 127.0.0.1 at 2019-01-18 11:50:51 +0900
Processing by EditorController#index as HTML
  Rendering editor/index.html.erb within layouts/application
  Rendered editor/index.html.erb within layouts/application (2.3ms)
Completed 200 OK in 292ms (Views: 281.1ms | ActiveRecord: 0.0ms)


Started GET "/editor/index" for 127.0.0.1 at 2019-01-18 11:50:52 +0900
Processing by EditorController#index as HTML
  Rendering editor/index.html.erb within layouts/application
  Rendered editor/index.html.erb within layouts/application (0.7ms)
Completed 200 OK in 31ms (Views: 27.3ms | ActiveRecord: 0.0ms)


Started GET "/editor/index?utf8=%E2%9C%93&commit=%E5%A4%89%E6%8F%9B&text=a%0D%0A" for 127.0.0.1 at 2019-01-18 11:50:57 +0900
Processing by EditorController#index as HTML
  Parameters: {"utf8"=>"✓", "commit"=>"変換", "text"=>"a\r\n"}
Completed 500 Internal Server Error in 6ms (ActiveRecord: 0.0ms)


  
NameError (uninitialized constant EditorController::Document):
  
app/controllers/editor_controller.rb:8:in `index'
Started GET "/editor/index?utf8=%E2%9C%93&commit=%E5%A4%89%E6%8F%9B&text=a%0D%0A" for 127.0.0.1 at 2019-01-18 11:51:33 +0900
Processing by EditorController#index as HTML
  Parameters: {"utf8"=>"✓", "commit"=>"変換", "text"=>"a\r\n"}
Completed 500 Internal Server Error in 7ms (ActiveRecord: 0.0ms)


  
NameError (uninitialized constant EditorController::Document):
  
app/controllers/editor_controller.rb:8:in `index'
Started GET "/editor/index" for 127.0.0.1 at 2019-01-25 09:54:00 +0900
Processing by EditorController#index as HTML
  Rendering editor/index.html.erb within layouts/application
  Rendered editor/index.html.erb within layouts/application (2.6ms)
Completed 200 OK in 275ms (Views: 253.2ms | ActiveRecord: 0.0ms)


Started GET "/editor/index?utf8=%E2%9C%93&commit=%E5%A4%89%E6%8F%9B&text=abbb%0D%0A" for 127.0.0.1 at 2019-01-25 09:54:08 +0900
Processing by EditorController#index as HTML
  Parameters: {"utf8"=>"✓", "commit"=>"変換", "text"=>"abbb\r\n"}
Completed 500 Internal Server Error in 4ms (ActiveRecord: 0.0ms)


  
NameError (uninitialized constant EditorController::Document):
  
app/controllers/editor_controller.rb:8:in `index'
Started GET "/editor/index?utf8=%E2%9C%93&commit=%E5%A4%89%E6%8F%9B&text=abbb%0D%0A" for 127.0.0.1 at 2019-01-25 09:55:23 +0900
Processing by EditorController#index as HTML
  Parameters: {"utf8"=>"✓", "commit"=>"変換", "text"=>"abbb\r\n"}
  Rendering editor/index.html.erb within layouts/application
  Rendered editor/index.html.erb within layouts/application (0.8ms)
Completed 200 OK in 33ms (Views: 29.2ms | ActiveRecord: 0.0ms)


Started GET "/editor/index?utf8=%E2%9C%93&commit=%E5%A4%89%E6%8F%9B&text=abcde%0D%0A" for 127.0.0.1 at 2019-01-25 09:55:34 +0900
Processing by EditorController#index as HTML
  Parameters: {"utf8"=>"✓", "commit"=>"変換", "text"=>"abcde\r\n"}
  Rendering editor/index.html.erb within layouts/application
  Rendered editor/index.html.erb within layouts/application (1.4ms)
Completed 200 OK in 56ms (Views: 50.8ms | ActiveRecord: 0.0ms)


Started GET "/editor/index?utf8=%E2%9C%93&commit=%E5%A4%89%E6%8F%9B&text=abcde%0D%0A" for 127.0.0.1 at 2019-01-25 10:23:06 +0900
  
SyntaxError (/Users/rei/Documents/fujiwara/web-app-final/sample-md-editor/app/controllers/editor_controller.rb:13: unterminated regexp meets end of file
/Users/rei/Documents/fujiwara/web-app-final/sample-md-editor/app/controllers/editor_controller.rb:13: regexp encoding option 'n' differs from source encoding 'UTF-8'
/Users/rei/Documents/fujiwara/web-app-final/sample-md-editor/app/controllers/editor_controller.rb:13: /.../n has a non escaped non ASCII character in non ASCII-8BIT script: /"\u3048\u3063\u3068",'')
    else
      @html = ''
    end
  end
end
/m
/Users/rei/Documents/fujiwara/web-app-final/sample-md-editor/app/controllers/editor_controller.rb:13: syntax error, unexpected end-of-input, expecting ')'):
  
app/controllers/editor_controller.rb:13: unterminated regexp meets end of file
app/controllers/editor_controller.rb:13: regexp encoding option 'n' differs from source encoding 'UTF-8'
app/controllers/editor_controller.rb:13: /../n has a non escaped non ASCII character in non ASCII-8BIT script: /"\u3048\u3063\u3068",'')
app/controllers/editor_controller.rb:13: syntax error, unexpected end-of-input, expecting ')'
Started GET "/editor/index?utf8=%E2%9C%93&commit=%E5%A4%89%E6%8F%9B&text=abcde%0D%0A" for 127.0.0.1 at 2019-01-25 10:23:28 +0900
Processing by EditorController#index as HTML
  Parameters: {"utf8"=>"✓", "commit"=>"変換", "text"=>"abcde\r\n"}
  Rendering editor/index.html.erb within layouts/application
  Rendered editor/index.html.erb within layouts/application (0.6ms)
Completed 200 OK in 26ms (Views: 22.4ms | ActiveRecord: 0.0ms)


Started GET "/editor/index?utf8=%E2%9C%93&commit=%E5%A4%89%E6%8F%9B&text=abcde%0D%0A" for 127.0.0.1 at 2019-01-25 10:23:33 +0900
Processing by EditorController#index as HTML
  Parameters: {"utf8"=>"✓", "commit"=>"変換", "text"=>"abcde\r\n"}
  Rendering editor/index.html.erb within layouts/application
  Rendered editor/index.html.erb within layouts/application (0.7ms)
Completed 200 OK in 28ms (Views: 24.4ms | ActiveRecord: 0.0ms)


Started GET "/editor/index?utf8=%E2%9C%93&commit=%E5%A4%89%E6%8F%9B&text=abcde%0D%0A" for 127.0.0.1 at 2019-01-25 10:24:48 +0900
Processing by EditorController#index as HTML
  Parameters: {"utf8"=>"✓", "commit"=>"変換", "text"=>"abcde\r\n"}
  Rendering editor/index.html.erb within layouts/application
  Rendered editor/index.html.erb within layouts/application (0.6ms)
Completed 200 OK in 33ms (Views: 29.6ms | ActiveRecord: 0.0ms)


Started GET "/editor/index?utf8=%E2%9C%93&commit=%E5%A4%89%E6%8F%9B&text=%E3%81%88%E3%81%A3%E3%81%A8%E4%BB%8A%E6%97%A5%E3%81%AF%E3%81%88%E3%81%A3%E3%81%A8Ruby%E3%82%92%E7%94%A8%E3%81%84%E3%81%9F%E3%81%88%E3%81%A3%E3%81%A8%E3%82%A2%E3%83%97%E3%83%AA%E3%82%B1%E3%83%BC%E3%82%B7%E3%83%A7%E3%83%B3%E9%96%8B%E7%99%BA%E3%82%92%E8%A1%8C%E3%81%84%E3%81%BE%E3%81%99%E3%80%82%E3%81%88%E3%81%A3%E3%81%A8%E5%85%B7%E4%BD%93%E7%9A%84%E3%81%AA%E5%86%85%E5%AE%B9%E3%81%AF%E2%80%A6" for 127.0.0.1 at 2019-01-25 10:25:46 +0900
Processing by EditorController#index as HTML
  Parameters: {"utf8"=>"✓", "commit"=>"変換", "text"=>"えっと今日はえっとRubyを用いたえっとアプリケーション開発を行います。えっと具体的な内容は…"}
  Rendering editor/index.html.erb within layouts/application
  Rendered editor/index.html.erb within layouts/application (0.7ms)
Completed 200 OK in 32ms (Views: 28.1ms | ActiveRecord: 0.0ms)


Started GET "/editor/index?utf8=%E2%9C%93&commit=%E5%A4%89%E6%8F%9B&text=%E3%81%88%E3%81%A3%E3%81%A8%E4%BB%8A%E6%97%A5%E3%81%AF%E3%81%88%E3%81%A3%E3%81%A8Ruby%E3%82%92%E7%94%A8%E3%81%84%E3%81%9F%E3%81%88%E3%81%A3%E3%81%A8%E3%82%A2%E3%83%97%E3%83%AA%E3%82%B1%E3%83%BC%E3%82%B7%E3%83%A7%E3%83%B3%E9%96%8B%E7%99%BA%E3%82%92%E8%A1%8C%E3%81%84%E3%81%BE%E3%81%99%E3%80%82%E3%81%88%E3%81%A3%E3%81%A8%E5%85%B7%E4%BD%93%E7%9A%84%E3%81%AA%E5%86%85%E5%AE%B9%E3%81%AF%E2%80%A6" for 127.0.0.1 at 2019-01-25 10:25:59 +0900
Processing by EditorController#index as HTML
  Parameters: {"utf8"=>"✓", "commit"=>"変換", "text"=>"えっと今日はえっとRubyを用いたえっとアプリケーション開発を行います。えっと具体的な内容は…"}
  Rendering editor/index.html.erb within layouts/application
  Rendered editor/index.html.erb within layouts/application (0.7ms)
Completed 200 OK in 27ms (Views: 24.6ms | ActiveRecord: 0.0ms)


Started GET "/editor/index?utf8=%E2%9C%93&commit=%E5%A4%89%E6%8F%9B&text=%E3%81%88%E3%81%A3%E3%81%A8%E4%BB%8A%E6%97%A5%E3%81%AF%E3%81%88%E3%81%A3%E3%81%A8Ruby%E3%82%92%E7%94%A8%E3%81%84%E3%81%9F%E3%81%88%E3%81%A3%E3%81%A8%E3%82%A2%E3%83%97%E3%83%AA%E3%82%B1%E3%83%BC%E3%82%B7%E3%83%A7%E3%83%B3%E9%96%8B%E7%99%BA%E3%82%92%E8%A1%8C%E3%81%84%E3%81%BE%E3%81%99%E3%80%82%E3%81%88%E3%81%A3%E3%81%A8%E5%85%B7%E4%BD%93%E7%9A%84%E3%81%AA%E5%86%85%E5%AE%B9%E3%81%AF%E2%80%A6" for 127.0.0.1 at 2019-01-25 10:29:32 +0900
Processing by EditorController#index as HTML
  Parameters: {"utf8"=>"✓", "commit"=>"変換", "text"=>"えっと今日はえっとRubyを用いたえっとアプリケーション開発を行います。えっと具体的な内容は…"}
  Rendering editor/index.html.erb within layouts/application
  Rendered editor/index.html.erb within layouts/application (0.6ms)
Completed 200 OK in 25ms (Views: 21.8ms | ActiveRecord: 0.0ms)


Started GET "/editor/index?utf8=%E2%9C%93&commit=%E5%A4%89%E6%8F%9B&text=%E3%81%88%E3%81%A3%E3%81%A8%E4%BB%8A%E6%97%A5%E3%81%AF%E3%81%9D%E3%81%AE%E3%83%BCRuby%E3%82%92%E7%94%A8%E3%81%84%E3%81%9F%E3%82%A2%E3%83%97%E3%83%AA%E3%82%B1%E3%83%BC%E3%82%B7%E3%83%A7%E3%83%B3%E9%96%8B%E7%99%BA%E3%82%92%E8%A1%8C%E3%81%84%E3%81%BE%E3%81%99%E3%80%82%E3%81%88%E3%83%BC%E3%81%A3%E3%81%A8%E5%85%B7%E4%BD%93%E7%9A%84%E3%81%AA%E5%86%85%E5%AE%B9%E3%81%AF%E2%80%A6" for 127.0.0.1 at 2019-01-25 10:29:54 +0900
Processing by EditorController#index as HTML
  Parameters: {"utf8"=>"✓", "commit"=>"変換", "text"=>"えっと今日はそのーRubyを用いたアプリケーション開発を行います。えーっと具体的な内容は…"}
  Rendering editor/index.html.erb within layouts/application
  Rendered editor/index.html.erb within layouts/application (1.0ms)
Completed 200 OK in 26ms (Views: 23.2ms | ActiveRecord: 0.0ms)


Started GET "/editor/index?utf8=%E2%9C%93&commit=%E5%A4%89%E6%8F%9B&text=%E3%81%88%E3%81%A3%E3%81%A8%E4%BB%8A%E6%97%A5%E3%81%AF%E3%81%9D%E3%81%AE%E3%83%BCRuby%E3%82%92%E7%94%A8%E3%81%84%E3%81%9F%E3%82%A2%E3%83%97%E3%83%AA%E3%82%B1%E3%83%BC%E3%82%B7%E3%83%A7%E3%83%B3%E9%96%8B%E7%99%BA%E3%82%92%E8%A1%8C%E3%81%84%E3%81%BE%E3%81%99%E3%80%82%E3%81%88%E3%83%BC%E3%81%A3%E3%81%A8%E5%85%B7%E4%BD%93%E7%9A%84%E3%81%AA%E5%86%85%E5%AE%B9%E3%81%AF%E2%80%A6" for 127.0.0.1 at 2019-01-25 10:29:55 +0900
Processing by EditorController#index as HTML
  Parameters: {"utf8"=>"✓", "commit"=>"変換", "text"=>"えっと今日はそのーRubyを用いたアプリケーション開発を行います。えーっと具体的な内容は…"}
  Rendering editor/index.html.erb within layouts/application
  Rendered editor/index.html.erb within layouts/application (0.6ms)
Completed 200 OK in 25ms (Views: 21.9ms | ActiveRecord: 0.0ms)


Started GET "/editor/index?utf8=%E2%9C%93&commit=%E5%A4%89%E6%8F%9B&text=%E3%81%88%E3%81%A3%E3%81%A8%E4%BB%8A%E6%97%A5%E3%81%AF%E3%81%9D%E3%81%AE%E3%83%BCRuby%E3%82%92%E7%94%A8%E3%81%84%E3%81%9F%E3%82%A2%E3%83%97%E3%83%AA%E3%82%B1%E3%83%BC%E3%82%B7%E3%83%A7%E3%83%B3%E9%96%8B%E7%99%BA%E3%82%92%E8%A1%8C%E3%81%84%E3%81%BE%E3%81%99%E3%80%82%E3%81%88%E3%83%BC%E3%81%A3%E3%81%A8%E5%85%B7%E4%BD%93%E7%9A%84%E3%81%AA%E5%86%85%E5%AE%B9%E3%81%AF%E2%80%A6" for 127.0.0.1 at 2019-01-25 10:29:55 +0900
Processing by EditorController#index as HTML
  Parameters: {"utf8"=>"✓", "commit"=>"変換", "text"=>"えっと今日はそのーRubyを用いたアプリケーション開発を行います。えーっと具体的な内容は…"}
  Rendering editor/index.html.erb within layouts/application
  Rendered editor/index.html.erb within layouts/application (0.8ms)
Completed 200 OK in 34ms (Views: 29.7ms | ActiveRecord: 0.0ms)


Started GET "/editor/index?utf8=%E2%9C%93&commit=%E5%A4%89%E6%8F%9B&text=%E3%81%88%E3%81%A3%E3%81%A8%E4%BB%8A%E6%97%A5%E3%81%AF%E3%81%9D%E3%81%AE%E3%83%BCRuby%E3%82%92%E7%94%A8%E3%81%84%E3%81%9F%E3%82%A2%E3%83%97%E3%83%AA%E3%82%B1%E3%83%BC%E3%82%B7%E3%83%A7%E3%83%B3%E9%96%8B%E7%99%BA%E3%82%92%E8%A1%8C%E3%81%84%E3%81%BE%E3%81%99%E3%80%82%E3%81%88%E3%83%BC%E3%81%A3%E3%81%A8%E5%85%B7%E4%BD%93%E7%9A%84%E3%81%AA%E5%86%85%E5%AE%B9%E3%81%AF%E2%80%A6" for 127.0.0.1 at 2019-01-25 10:29:56 +0900
Processing by EditorController#index as HTML
  Parameters: {"utf8"=>"✓", "commit"=>"変換", "text"=>"えっと今日はそのーRubyを用いたアプリケーション開発を行います。えーっと具体的な内容は…"}
  Rendering editor/index.html.erb within layouts/application
  Rendered editor/index.html.erb within layouts/application (0.7ms)
Completed 200 OK in 24ms (Views: 20.6ms | ActiveRecord: 0.0ms)


Started GET "/editor/index?utf8=%E2%9C%93&commit=%E5%A4%89%E6%8F%9B&text=%E3%81%88%E3%81%A3%E3%81%A8%E4%BB%8A%E6%97%A5%E3%81%AF%E3%81%9D%E3%81%AE%E3%83%BCRuby%E3%82%92%E7%94%A8%E3%81%84%E3%81%9F%E3%82%A2%E3%83%97%E3%83%AA%E3%82%B1%E3%83%BC%E3%82%B7%E3%83%A7%E3%83%B3%E9%96%8B%E7%99%BA%E3%82%92%E8%A1%8C%E3%81%84%E3%81%BE%E3%81%99%E3%80%82%E3%81%88%E3%83%BC%E3%81%A3%E3%81%A8%E5%85%B7%E4%BD%93%E7%9A%84%E3%81%AA%E5%86%85%E5%AE%B9%E3%81%AF%E2%80%A6" for 127.0.0.1 at 2019-01-25 10:29:56 +0900
Processing by EditorController#index as HTML
  Parameters: {"utf8"=>"✓", "commit"=>"変換", "text"=>"えっと今日はそのーRubyを用いたアプリケーション開発を行います。えーっと具体的な内容は…"}
  Rendering editor/index.html.erb within layouts/application
  Rendered editor/index.html.erb within layouts/application (0.6ms)
Completed 200 OK in 26ms (Views: 23.1ms | ActiveRecord: 0.0ms)


